<?xml version="1.0" encoding="UTF-8"?>
<!-- Generated by org.testng.reporters.JUnitXMLReporter -->
<testsuite ignored="0" hostname="JOBITO" failures="1" tests="3" name="Default test(failed)" time="0.101" errors="0" timestamp="2023-09-12T08:24:20 IST">
  <testcase classname="automationPractice.testNGDemo" name="abc" time="0.018">
    <failure type="java.lang.AssertionError" message="expected [false] but found [true]">
      <![CDATA[java.lang.AssertionError: expected [false] but found [true]
at automationPractice.testNGDemo.abc(testNGDemo.java:16)
at java.base/java.util.ArrayList.forEach(ArrayList.java:1511)
... Removed 32 stack frames]]>
    </failure>
  </testcase> <!-- abc -->
  <testcase classname="automationPractice.testNGDemo" name="curretnPage" time="0.003"/>
  <testcase classname="automationPractice.testNGDemo" name="bcd" time="0.0">
    <skipped/>
  </testcase> <!-- bcd -->
</testsuite> <!-- Default test(failed) -->
