<?xml version="1.0" encoding="UTF-8"?>
<!-- Generated by org.testng.reporters.JUnitXMLReporter -->
<testsuite ignored="0" hostname="JOBITO" failures="1" tests="7" name="Test" time="0.151" errors="0" timestamp="2023-09-13T07:39:08 IST">
  <testcase classname="automationPractice.testNGDemo" name="four" time="0.01"/>
  <testcase classname="automationPractice.testNGDemo" name="one" time="0.002"/>
  <testcase classname="automationPractice.testNGDemo" name="three" time="0.004"/>
  <testcase classname="automationPractice.testNGDemo" name="two" time="0.004"/>
  <testcase classname="automationPractice.testNGDemo" name="abc" time="0.023">
    <failure type="java.lang.AssertionError" message="expected [false] but found [true]">
      <![CDATA[java.lang.AssertionError: expected [false] but found [true]
at automationPractice.testNGDemo.abc(testNGDemo.java:16)
at java.base/java.util.ArrayList.forEach(ArrayList.java:1511)
... Removed 32 stack frames]]>
    </failure>
  </testcase> <!-- abc -->
  <testcase classname="automationPractice.testNGDemo" name="curretnPage" time="0.001"/>
  <testcase classname="automationPractice.testNGDemo" name="bcd" time="0.001"/>
</testsuite> <!-- Test -->
