<?xml version="1.0" encoding="UTF-8"?>
<testng-results ignored="0" total="2" passed="2" failed="0" skipped="0">
  <reporter-output>
  </reporter-output>
  <suite started-at="2023-09-20T08:08:39 IST" name="Default suite" finished-at="2023-09-20T08:08:54 IST" duration-ms="14578">
    <groups>
    </groups>
    <test started-at="2023-09-20T08:08:39 IST" name="Default test" finished-at="2023-09-20T08:08:54 IST" duration-ms="14578">
      <class name="tests.LoingTest">
        <test-method is-config="true" signature="setup()[pri:0, instance:tests.LoingTest@7ec7ffd3]" started-at="2023-09-20T08:08:39 IST" name="setup" finished-at="2023-09-20T08:08:43 IST" duration-ms="4046" status="PASS">
          <reporter-output>
          </reporter-output>
        </test-method> <!-- setup -->
        <test-method signature="checkLoginFuncitonality()[pri:0, instance:tests.LoingTest@7ec7ffd3]" started-at="2023-09-20T08:08:43 IST" name="checkLoginFuncitonality" finished-at="2023-09-20T08:08:51 IST" duration-ms="7669" status="PASS">
          <reporter-output>
          </reporter-output>
        </test-method> <!-- checkLoginFuncitonality -->
        <test-method is-config="true" signature="setup()[pri:0, instance:tests.LoingTest@7ec7ffd3]" started-at="2023-09-20T08:08:51 IST" name="setup" finished-at="2023-09-20T08:08:54 IST" duration-ms="2566" status="PASS">
          <reporter-output>
          </reporter-output>
        </test-method> <!-- setup -->
        <test-method signature="validateLogin()[pri:0, instance:tests.LoingTest@7ec7ffd3]" started-at="2023-09-20T08:08:54 IST" name="validateLogin" finished-at="2023-09-20T08:08:54 IST" duration-ms="215" status="PASS">
          <reporter-output>
          </reporter-output>
        </test-method> <!-- validateLogin -->
      </class> <!-- tests.LoingTest -->
    </test> <!-- Default test -->
  </suite> <!-- Default suite -->
</testng-results>
